[17:36:47.514] [INFO] storybook v10.2.8
[17:36:47.704] [DEBUG] Getting package.json info for /Users/atypic/Creative Cloud Files  info@atypic.fr C0B12A6F642A9F790A495F8A@bd4429a7642a9ed0495c8c.e/BOULOT/_PERSO/MICRO/FORMATIONS/design-system/github/Demo-design-tokens/package.json...
[17:36:48.448] [DEBUG] Serving static files from [36mnode_modules/@chromatic-com/storybook/assets[39m at [36m/addon-visual-tests-assets[39m
[17:36:48.448] [INFO] Starting...
[17:36:48.451] [WARN] No story files found for the specified pattern: [34mstories/**/*.mdx[39m
[17:36:48.666] [DEBUG] Starting preview..
[17:36:48.670] [WARN] 🚨 Unable to index ./stories/Semantic.stories.jsx:
  SyntaxError: Unexpected token, expected "}" (33:128)
    at constructor (file:///Users/atypic/Creative%20Cloud%20Files%20%20info@atypic.fr%20C0B12A6F642A9F790A495F8A@bd4429a7642a9ed0495c8c.e/BOULOT/_PERSO/MICRO/FORMATIONS/design-system/github/Demo-design-tokens/node_modules/storybook/dist/_node-chunks/chunk-DQ5I5L6R.js:12175:21)
    at Parser.raise (file:///Users/atypic/Creative%20Cloud%20Files%20%20info@atypic.fr%20C0B12A6F642A9F790A495F8A@bd4429a7642a9ed0495c8c.e/BOULOT/_PERSO/MICRO/FORMATIONS/design-system/github/Demo-design-tokens/node_modules/storybook/dist/_node-chunks/chunk-DQ5I5L6R.js:16355:71)
    at Parser.unexpected (file:///Users/atypic/Creative%20Cloud%20Files%20%20info@atypic.fr%20C0B12A6F642A9F790A495F8A@bd4429a7642a9ed0495c8c.e/BOULOT/_PERSO/MICRO/FORMATIONS/design-system/github/Demo-design-tokens/node_modules/storybook/dist/_node-chunks/chunk-DQ5I5L6R.js:16372:20)
    at Parser.expect (file:///Users/atypic/Creative%20Cloud%20Files%20%20info@atypic.fr%20C0B12A6F642A9F790A495F8A@bd4429a7642a9ed0495c8c.e/BOULOT/_PERSO/MICRO/FORMATIONS/design-system/github/Demo-design-tokens/node_modules/storybook/dist/_node-chunks/chunk-DQ5I5L6R.js:16580:32)
    at Parser.jsxParseExpressionContainer (file:///Users/atypic/Creative%20Cloud%20Files%20%20info@atypic.fr%20C0B12A6F642A9F790A495F8A@bd4429a7642a9ed0495c8c.e/BOULOT/_PERSO/MICRO/FORMATIONS/design-system/github/Demo-design-tokens/node_modules/storybook/dist/_node-chunks/chunk-DQ5I5L6R.js:15035:91)
    at Parser.jsxParseElementAt (file:///Users/atypic/Creative%20Cloud%20Files%20%20info@atypic.fr%20C0B12A6F642A9F790A495F8A@bd4429a7642a9ed0495c8c.e/BOULOT/_PERSO/MICRO/FORMATIONS/design-system/github/Demo-design-tokens/node_modules/storybook/dist/_node-chunks/chunk-DQ5I5L6R.js:15072:146)
    at Parser.jsxParseElementAt (file:///Users/atypic/Creative%20Cloud%20Files%20%20info@atypic.fr%20C0B12A6F642A9F790A495F8A@bd4429a7642a9ed0495c8c.e/BOULOT/_PERSO/MICRO/FORMATIONS/design-system/github/Demo-design-tokens/node_modules/storybook/dist/_node-chunks/chunk-DQ5I5L6R.js:15065:36)
    at Parser.jsxParseElementAt (file:///Users/atypic/Creative%20Cloud%20Files%20%20info@atypic.fr%20C0B12A6F642A9F790A495F8A@bd4429a7642a9ed0495c8c.e/BOULOT/_PERSO/MICRO/FORMATIONS/design-system/github/Demo-design-tokens/node_modules/storybook/dist/_node-chunks/chunk-DQ5I5L6R.js:15065:36)
    at Parser.jsxParseElementAt (file:///Users/atypic/Creative%20Cloud%20Files%20%20info@atypic.fr%20C0B12A6F642A9F790A495F8A@bd4429a7642a9ed0495c8c.e/BOULOT/_PERSO/MICRO/FORMATIONS/design-system/github/Demo-design-tokens/node_modules/storybook/dist/_node-chunks/chunk-DQ5I5L6R.js:15065:36)
    at Parser.jsxParseElementAt (file:///Users/atypic/Creative%20Cloud%20Files%20%20info@atypic.fr%20C0B12A6F642A9F790A495F8A@bd4429a7642a9ed0495c8c.e/BOULOT/_PERSO/MICRO/FORMATIONS/design-system/github/Demo-design-tokens/node_modules/storybook/dist/_node-chunks/chunk-DQ5I5L6R.js:15065:36)
[17:36:48.676] [ERROR] Failed to build the preview
[17:36:48.677] [ERROR] Error: Unable to index ./stories/Semantic.stories.jsx
    at _StoryIndexGenerator.getIndexAndStats (file:///Users/atypic/Creative%20Cloud%20Files%20%20info@atypic.fr%20C0B12A6F642A9F790A495F8A@bd4429a7642a9ed0495c8c.e/BOULOT/_PERSO/MICRO/FORMATIONS/design-system/github/Demo-design-tokens/node_modules/storybook/dist/core-server/index.js:6082:15)
    at async _StoryIndexGenerator.getIndex (file:///Users/atypic/Creative%20Cloud%20Files%20%20info@atypic.fr%20C0B12A6F642A9F790A495F8A@bd4429a7642a9ed0495c8c.e/BOULOT/_PERSO/MICRO/FORMATIONS/design-system/github/Demo-design-tokens/node_modules/storybook/dist/core-server/index.js:6071:13)
    at async getOptimizeDeps (file:///Users/atypic/Creative%20Cloud%20Files%20%20info@atypic.fr%20C0B12A6F642A9F790A495F8A@bd4429a7642a9ed0495c8c.e/BOULOT/_PERSO/MICRO/FORMATIONS/design-system/github/Demo-design-tokens/node_modules/@storybook/builder-vite/dist/index.js:1862:15)
    at async createViteServer (file:///Users/atypic/Creative%20Cloud%20Files%20%20info@atypic.fr%20C0B12A6F642A9F790A495F8A@bd4429a7642a9ed0495c8c.e/BOULOT/_PERSO/MICRO/FORMATIONS/design-system/github/Demo-design-tokens/node_modules/@storybook/builder-vite/dist/index.js:1888:19)
    at async Module.start (file:///Users/atypic/Creative%20Cloud%20Files%20%20info@atypic.fr%20C0B12A6F642A9F790A495F8A@bd4429a7642a9ed0495c8c.e/BOULOT/_PERSO/MICRO/FORMATIONS/design-system/github/Demo-design-tokens/node_modules/@storybook/builder-vite/dist/index.js:1923:17)
    at async storybookDevServer (file:///Users/atypic/Creative%20Cloud%20Files%20%20info@atypic.fr%20C0B12A6F642A9F790A495F8A@bd4429a7642a9ed0495c8c.e/BOULOT/_PERSO/MICRO/FORMATIONS/design-system/github/Demo-design-tokens/node_modules/storybook/dist/core-server/index.js:7207:83)
    at async buildOrThrow (file:///Users/atypic/Creative%20Cloud%20Files%20%20info@atypic.fr%20C0B12A6F642A9F790A495F8A@bd4429a7642a9ed0495c8c.e/BOULOT/_PERSO/MICRO/FORMATIONS/design-system/github/Demo-design-tokens/node_modules/storybook/dist/core-server/index.js:4504:12)
    at async buildDevStandalone (file:///Users/atypic/Creative%20Cloud%20Files%20%20info@atypic.fr%20C0B12A6F642A9F790A495F8A@bd4429a7642a9ed0495c8c.e/BOULOT/_PERSO/MICRO/FORMATIONS/design-system/github/Demo-design-tokens/node_modules/storybook/dist/core-server/index.js:7577:66)
    at async withTelemetry (file:///Users/atypic/Creative%20Cloud%20Files%20%20info@atypic.fr%20C0B12A6F642A9F790A495F8A@bd4429a7642a9ed0495c8c.e/BOULOT/_PERSO/MICRO/FORMATIONS/design-system/github/Demo-design-tokens/node_modules/storybook/dist/_node-chunks/chunk-KIOKJLL5.js:218:12)
    at async dev (file:///Users/atypic/Creative%20Cloud%20Files%20%20info@atypic.fr%20C0B12A6F642A9F790A495F8A@bd4429a7642a9ed0495c8c.e/BOULOT/_PERSO/MICRO/FORMATIONS/design-system/github/Demo-design-tokens/node_modules/storybook/dist/bin/core.js:2734:3)
[17:36:48.680] [WARN] Broken build, fix the error above.
You may need to refresh the browser.